2016-08-15 12:22:58 Error: Fatal Error (4): syntax error, unexpected '<' in [D:\web\htdocs\management\src\Template\Layout\default.ctp, line 32]
Request URL: /management/
Trace:
Cake\Error\BaseErrorHandler::handleFatalError() - CORE\src\Error\BaseErrorHandler.php, line 216
Cake\Error\BaseErrorHandler::Cake\Error\{closure}() - CORE\src\Error\BaseErrorHandler.php, line 98
[main] - [internal], line ??



2016-08-15 12:22:58 Error: [Cake\Error\FatalErrorException] syntax error, unexpected '<'
Request URL: /management/
Stack Trace:
#0 D:\web\htdocs\management\vendor\cakephp\cakephp\src\Error\BaseErrorHandler.php(98): Cake\Error\BaseErrorHandler->handleFatalError(4, 'syntax error, u...', 'D:\\web\\htdocs\\m...', 32)
#1 [internal function]: Cake\Error\BaseErrorHandler->Cake\Error\{closure}()
#2 {main}


2016-09-04 18:00:14 Warning: Warning (4096): Object of class App\View\AppView could not be converted to string in [D:\web\htdocs\management\src\Template\Layout\default.ctp, line 27]
Request URL: /management/users/signup
Referer URL: http://localhost/management/users/signup
Trace:
Cake\Error\BaseErrorHandler::handleError() - CORE\src\Error\BaseErrorHandler.php, line 146
include - APP/Template\Layout\default.ctp, line 27
Cake\View\View::_evaluate() - CORE\src\View\View.php, line 1005
Cake\View\View::_render() - CORE\src\View\View.php, line 964
Cake\View\View::renderLayout() - CORE\src\View\View.php, line 635
Cake\View\View::render() - CORE\src\View\View.php, line 593
Cake\Controller\Controller::render() - CORE\src\Controller\Controller.php, line 617
Cake\Http\ActionDispatcher::_invoke() - CORE\src\Http\ActionDispatcher.php, line 131
Cake\Http\ActionDispatcher::dispatch() - CORE\src\Http\ActionDispatcher.php, line 99
Cake\Http\BaseApplication::__invoke() - CORE\src\Http\BaseApplication.php, line 82
Cake\Http\Runner::__invoke() - CORE\src\Http\Runner.php, line 65
Cake\Routing\Middleware\RoutingMiddleware::__invoke() - CORE\src\Routing\Middleware\RoutingMiddleware.php, line 52
Cake\Http\Runner::__invoke() - CORE\src\Http\Runner.php, line 65
Cake\Routing\Middleware\AssetMiddleware::__invoke() - CORE\src\Routing\Middleware\AssetMiddleware.php, line 88
Cake\Http\Runner::__invoke() - CORE\src\Http\Runner.php, line 65
Cake\Error\Middleware\ErrorHandlerMiddleware::__invoke() - CORE\src\Error\Middleware\ErrorHandlerMiddleware.php, line 51
Cake\Http\Runner::__invoke() - CORE\src\Http\Runner.php, line 65
Cake\Http\Runner::run() - CORE\src\Http\Runner.php, line 51
Cake\Http\Server::run() - CORE\src\Http\Server.php, line 82
[main] - ROOT\webroot\index.php, line 37



2017-02-01 17:42:45 Warning: Warning (4096): Argument 1 passed to App\Controller\PagesController::beforeFilter() must be an instance of App\Controller\Event, instance of Cake\Event\Event given, called in D:\web\htdocs\management\vendor\cakephp\cakephp\src\Event\EventManager.php on line 421 and defined in [D:\web\htdocs\management\src\Controller\PagesController.php, line 31]
Request URL: /management/
Trace:
Cake\Error\BaseErrorHandler::handleError() - CORE\src\Error\BaseErrorHandler.php, line 146
App\Controller\PagesController::beforeFilter() - APP/Controller\PagesController.php, line 31
Cake\Event\EventManager::_callListener() - CORE\src\Event\EventManager.php, line 421
Cake\Event\EventManager::dispatch() - CORE\src\Event\EventManager.php, line 386
Cake\Controller\Controller::dispatchEvent() - CORE\src\Event\EventDispatcherTrait.php, line 78
Cake\Controller\Controller::startupProcess() - CORE\src\Controller\Controller.php, line 497
Cake\Http\ActionDispatcher::_invoke() - CORE\src\Http\ActionDispatcher.php, line 120
Cake\Http\ActionDispatcher::dispatch() - CORE\src\Http\ActionDispatcher.php, line 99
Cake\Http\BaseApplication::__invoke() - CORE\src\Http\BaseApplication.php, line 82
Cake\Http\Runner::__invoke() - CORE\src\Http\Runner.php, line 65
Cake\Routing\Middleware\RoutingMiddleware::__invoke() - CORE\src\Routing\Middleware\RoutingMiddleware.php, line 52
Cake\Http\Runner::__invoke() - CORE\src\Http\Runner.php, line 65
Cake\Routing\Middleware\AssetMiddleware::__invoke() - CORE\src\Routing\Middleware\AssetMiddleware.php, line 88
Cake\Http\Runner::__invoke() - CORE\src\Http\Runner.php, line 65
Cake\Error\Middleware\ErrorHandlerMiddleware::__invoke() - CORE\src\Error\Middleware\ErrorHandlerMiddleware.php, line 51
Cake\Http\Runner::__invoke() - CORE\src\Http\Runner.php, line 65
Cake\Http\Runner::run() - CORE\src\Http\Runner.php, line 51
Cake\Http\Server::run() - CORE\src\Http\Server.php, line 82
[main] - ROOT\webroot\index.php, line 37



2017-02-01 17:42:46 Warning: Headers already sent in D:\web\htdocs\management\vendor\cakephp\cakephp\src\Error\Debugger.php:753
2017-02-01 17:42:46 Error: [RuntimeException] Unable to emit response; headers already sent
Request URL: /management/
Stack Trace:
#0 D:\web\htdocs\management\vendor\cakephp\cakephp\src\Http\Server.php(107): Zend\Diactoros\Response\SapiStreamEmitter->emit(Object(Zend\Diactoros\Response))
#1 D:\web\htdocs\management\webroot\index.php(37): Cake\Http\Server->emit(Object(Zend\Diactoros\Response))
#2 {main}


2017-02-05 15:49:29 Error: Fatal Error (4): syntax error, unexpected 'public' (T_PUBLIC) in [D:\web\htdocs\management\src\Controller\UsersController.php, line 9]
Request URL: /management/users/css/style.css
Referer URL: http://localhost/management/users/login
Trace:
Cake\Error\BaseErrorHandler::handleFatalError() - CORE\src\Error\BaseErrorHandler.php, line 216
Cake\Error\BaseErrorHandler::Cake\Error\{closure}() - CORE\src\Error\BaseErrorHandler.php, line 98
[main] - [internal], line ??



2017-02-05 15:49:30 Error: [Cake\Error\FatalErrorException] syntax error, unexpected 'public' (T_PUBLIC)
Request URL: /management/users/css/style.css
Referer URL: http://localhost/management/users/login
Stack Trace:
#0 D:\web\htdocs\management\vendor\cakephp\cakephp\src\Error\BaseErrorHandler.php(98): Cake\Error\BaseErrorHandler->handleFatalError(4, 'syntax error, u...', 'D:\\web\\htdocs\\m...', 9)
#1 [internal function]: Cake\Error\BaseErrorHandler->Cake\Error\{closure}()
#2 {main}


2017-02-05 15:49:33 Error: Fatal Error (4): syntax error, unexpected 'public' (T_PUBLIC) in [D:\web\htdocs\management\src\Controller\UsersController.php, line 9]
Request URL: /management/users/login
Referer URL: http://localhost/management/
Trace:
Cake\Error\BaseErrorHandler::handleFatalError() - CORE\src\Error\BaseErrorHandler.php, line 216
Cake\Error\BaseErrorHandler::Cake\Error\{closure}() - CORE\src\Error\BaseErrorHandler.php, line 98
[main] - [internal], line ??



2017-02-05 15:49:33 Error: [Cake\Error\FatalErrorException] syntax error, unexpected 'public' (T_PUBLIC)
Request URL: /management/users/login
Referer URL: http://localhost/management/
Stack Trace:
#0 D:\web\htdocs\management\vendor\cakephp\cakephp\src\Error\BaseErrorHandler.php(98): Cake\Error\BaseErrorHandler->handleFatalError(4, 'syntax error, u...', 'D:\\web\\htdocs\\m...', 9)
#1 [internal function]: Cake\Error\BaseErrorHandler->Cake\Error\{closure}()
#2 {main}


2017-02-05 17:18:12 Error: Fatal Error (4): syntax error, unexpected 'parent' (T_STRING), expecting function (T_FUNCTION) in [D:\web\htdocs\management\src\Controller\PagesController.php, line 30]
Request URL: /management/pages/posts
Referer URL: http://localhost/management/users/login/home
Trace:
Cake\Error\BaseErrorHandler::handleFatalError() - CORE\src\Error\BaseErrorHandler.php, line 216
Cake\Error\BaseErrorHandler::Cake\Error\{closure}() - CORE\src\Error\BaseErrorHandler.php, line 98
[main] - [internal], line ??



2017-02-05 17:18:13 Error: [Cake\Error\FatalErrorException] syntax error, unexpected 'parent' (T_STRING), expecting function (T_FUNCTION)
Request URL: /management/pages/posts
Referer URL: http://localhost/management/users/login/home
Stack Trace:
#0 D:\web\htdocs\management\vendor\cakephp\cakephp\src\Error\BaseErrorHandler.php(98): Cake\Error\BaseErrorHandler->handleFatalError(4, 'syntax error, u...', 'D:\\web\\htdocs\\m...', 30)
#1 [internal function]: Cake\Error\BaseErrorHandler->Cake\Error\{closure}()
#2 {main}


2017-06-22 18:56:42 Warning: Warning (2): Creating default object from empty value in [D:\web\htdocs\simran\src\Controller\UsersController.php, line 43]
Request URL: /simran/users/login
Trace:
Cake\Error\BaseErrorHandler::handleError() - CORE\src\Error\BaseErrorHandler.php, line 146
App\Controller\UsersController::login() - APP/Controller\UsersController.php, line 43
Cake\Controller\Controller::invokeAction() - CORE\src\Controller\Controller.php, line 435
Cake\Http\ActionDispatcher::_invoke() - CORE\src\Http\ActionDispatcher.php, line 125
Cake\Http\ActionDispatcher::dispatch() - CORE\src\Http\ActionDispatcher.php, line 99
Cake\Http\BaseApplication::__invoke() - CORE\src\Http\BaseApplication.php, line 82
Cake\Http\Runner::__invoke() - CORE\src\Http\Runner.php, line 65
Cake\Routing\Middleware\RoutingMiddleware::__invoke() - CORE\src\Routing\Middleware\RoutingMiddleware.php, line 52
Cake\Http\Runner::__invoke() - CORE\src\Http\Runner.php, line 65
Cake\Routing\Middleware\AssetMiddleware::__invoke() - CORE\src\Routing\Middleware\AssetMiddleware.php, line 88
Cake\Http\Runner::__invoke() - CORE\src\Http\Runner.php, line 65
Cake\Error\Middleware\ErrorHandlerMiddleware::__invoke() - CORE\src\Error\Middleware\ErrorHandlerMiddleware.php, line 51
Cake\Http\Runner::__invoke() - CORE\src\Http\Runner.php, line 65
Cake\Http\Runner::run() - CORE\src\Http\Runner.php, line 51
Cake\Http\Server::run() - CORE\src\Http\Server.php, line 82
[main] - ROOT\webroot\index.php, line 37



2017-06-22 18:58:16 Warning: Warning (2): Creating default object from empty value in [D:\web\htdocs\simran\src\Controller\UsersController.php, line 43]
Request URL: /simran/users/login
Trace:
Cake\Error\BaseErrorHandler::handleError() - CORE\src\Error\BaseErrorHandler.php, line 146
App\Controller\UsersController::login() - APP/Controller\UsersController.php, line 43
Cake\Controller\Controller::invokeAction() - CORE\src\Controller\Controller.php, line 435
Cake\Http\ActionDispatcher::_invoke() - CORE\src\Http\ActionDispatcher.php, line 125
Cake\Http\ActionDispatcher::dispatch() - CORE\src\Http\ActionDispatcher.php, line 99
Cake\Http\BaseApplication::__invoke() - CORE\src\Http\BaseApplication.php, line 82
Cake\Http\Runner::__invoke() - CORE\src\Http\Runner.php, line 65
Cake\Routing\Middleware\RoutingMiddleware::__invoke() - CORE\src\Routing\Middleware\RoutingMiddleware.php, line 52
Cake\Http\Runner::__invoke() - CORE\src\Http\Runner.php, line 65
Cake\Routing\Middleware\AssetMiddleware::__invoke() - CORE\src\Routing\Middleware\AssetMiddleware.php, line 88
Cake\Http\Runner::__invoke() - CORE\src\Http\Runner.php, line 65
Cake\Error\Middleware\ErrorHandlerMiddleware::__invoke() - CORE\src\Error\Middleware\ErrorHandlerMiddleware.php, line 51
Cake\Http\Runner::__invoke() - CORE\src\Http\Runner.php, line 65
Cake\Http\Runner::run() - CORE\src\Http\Runner.php, line 51
Cake\Http\Server::run() - CORE\src\Http\Server.php, line 82
[main] - ROOT\webroot\index.php, line 37



2017-06-22 18:58:41 Warning: Warning (2): Creating default object from empty value in [D:\web\htdocs\simran\src\Controller\UsersController.php, line 43]
Request URL: /simran/users/login
Trace:
Cake\Error\BaseErrorHandler::handleError() - CORE\src\Error\BaseErrorHandler.php, line 146
App\Controller\UsersController::login() - APP/Controller\UsersController.php, line 43
Cake\Controller\Controller::invokeAction() - CORE\src\Controller\Controller.php, line 435
Cake\Http\ActionDispatcher::_invoke() - CORE\src\Http\ActionDispatcher.php, line 125
Cake\Http\ActionDispatcher::dispatch() - CORE\src\Http\ActionDispatcher.php, line 99
Cake\Http\BaseApplication::__invoke() - CORE\src\Http\BaseApplication.php, line 82
Cake\Http\Runner::__invoke() - CORE\src\Http\Runner.php, line 65
Cake\Routing\Middleware\RoutingMiddleware::__invoke() - CORE\src\Routing\Middleware\RoutingMiddleware.php, line 52
Cake\Http\Runner::__invoke() - CORE\src\Http\Runner.php, line 65
Cake\Routing\Middleware\AssetMiddleware::__invoke() - CORE\src\Routing\Middleware\AssetMiddleware.php, line 88
Cake\Http\Runner::__invoke() - CORE\src\Http\Runner.php, line 65
Cake\Error\Middleware\ErrorHandlerMiddleware::__invoke() - CORE\src\Error\Middleware\ErrorHandlerMiddleware.php, line 51
Cake\Http\Runner::__invoke() - CORE\src\Http\Runner.php, line 65
Cake\Http\Runner::run() - CORE\src\Http\Runner.php, line 51
Cake\Http\Server::run() - CORE\src\Http\Server.php, line 82
[main] - ROOT\webroot\index.php, line 37



2017-06-22 18:59:10 Warning: Warning (2): Creating default object from empty value in [D:\web\htdocs\simran\src\Controller\UsersController.php, line 43]
Request URL: /simran/users/login
Trace:
Cake\Error\BaseErrorHandler::handleError() - CORE\src\Error\BaseErrorHandler.php, line 146
App\Controller\UsersController::login() - APP/Controller\UsersController.php, line 43
Cake\Controller\Controller::invokeAction() - CORE\src\Controller\Controller.php, line 435
Cake\Http\ActionDispatcher::_invoke() - CORE\src\Http\ActionDispatcher.php, line 125
Cake\Http\ActionDispatcher::dispatch() - CORE\src\Http\ActionDispatcher.php, line 99
Cake\Http\BaseApplication::__invoke() - CORE\src\Http\BaseApplication.php, line 82
Cake\Http\Runner::__invoke() - CORE\src\Http\Runner.php, line 65
Cake\Routing\Middleware\RoutingMiddleware::__invoke() - CORE\src\Routing\Middleware\RoutingMiddleware.php, line 52
Cake\Http\Runner::__invoke() - CORE\src\Http\Runner.php, line 65
Cake\Routing\Middleware\AssetMiddleware::__invoke() - CORE\src\Routing\Middleware\AssetMiddleware.php, line 88
Cake\Http\Runner::__invoke() - CORE\src\Http\Runner.php, line 65
Cake\Error\Middleware\ErrorHandlerMiddleware::__invoke() - CORE\src\Error\Middleware\ErrorHandlerMiddleware.php, line 51
Cake\Http\Runner::__invoke() - CORE\src\Http\Runner.php, line 65
Cake\Http\Runner::run() - CORE\src\Http\Runner.php, line 51
Cake\Http\Server::run() - CORE\src\Http\Server.php, line 82
[main] - ROOT\webroot\index.php, line 37



2017-06-22 18:59:31 Warning: Warning (2): Creating default object from empty value in [D:\web\htdocs\simran\src\Controller\UsersController.php, line 43]
Request URL: /simran/users/login
Trace:
Cake\Error\BaseErrorHandler::handleError() - CORE\src\Error\BaseErrorHandler.php, line 146
App\Controller\UsersController::login() - APP/Controller\UsersController.php, line 43
Cake\Controller\Controller::invokeAction() - CORE\src\Controller\Controller.php, line 435
Cake\Http\ActionDispatcher::_invoke() - CORE\src\Http\ActionDispatcher.php, line 125
Cake\Http\ActionDispatcher::dispatch() - CORE\src\Http\ActionDispatcher.php, line 99
Cake\Http\BaseApplication::__invoke() - CORE\src\Http\BaseApplication.php, line 82
Cake\Http\Runner::__invoke() - CORE\src\Http\Runner.php, line 65
Cake\Routing\Middleware\RoutingMiddleware::__invoke() - CORE\src\Routing\Middleware\RoutingMiddleware.php, line 52
Cake\Http\Runner::__invoke() - CORE\src\Http\Runner.php, line 65
Cake\Routing\Middleware\AssetMiddleware::__invoke() - CORE\src\Routing\Middleware\AssetMiddleware.php, line 88
Cake\Http\Runner::__invoke() - CORE\src\Http\Runner.php, line 65
Cake\Error\Middleware\ErrorHandlerMiddleware::__invoke() - CORE\src\Error\Middleware\ErrorHandlerMiddleware.php, line 51
Cake\Http\Runner::__invoke() - CORE\src\Http\Runner.php, line 65
Cake\Http\Runner::run() - CORE\src\Http\Runner.php, line 51
Cake\Http\Server::run() - CORE\src\Http\Server.php, line 82
[main] - ROOT\webroot\index.php, line 37



2017-06-22 18:59:40 Warning: Warning (2): Attempt to assign property of non-object in [D:\web\htdocs\simran\src\Controller\UsersController.php, line 43]
Request URL: /simran/users/login
Referer URL: http://localhost/simran/users/login
Trace:
Cake\Error\BaseErrorHandler::handleError() - CORE\src\Error\BaseErrorHandler.php, line 146
App\Controller\UsersController::login() - APP/Controller\UsersController.php, line 43
Cake\Controller\Controller::invokeAction() - CORE\src\Controller\Controller.php, line 435
Cake\Http\ActionDispatcher::_invoke() - CORE\src\Http\ActionDispatcher.php, line 125
Cake\Http\ActionDispatcher::dispatch() - CORE\src\Http\ActionDispatcher.php, line 99
Cake\Http\BaseApplication::__invoke() - CORE\src\Http\BaseApplication.php, line 82
Cake\Http\Runner::__invoke() - CORE\src\Http\Runner.php, line 65
Cake\Routing\Middleware\RoutingMiddleware::__invoke() - CORE\src\Routing\Middleware\RoutingMiddleware.php, line 52
Cake\Http\Runner::__invoke() - CORE\src\Http\Runner.php, line 65
Cake\Routing\Middleware\AssetMiddleware::__invoke() - CORE\src\Routing\Middleware\AssetMiddleware.php, line 88
Cake\Http\Runner::__invoke() - CORE\src\Http\Runner.php, line 65
Cake\Error\Middleware\ErrorHandlerMiddleware::__invoke() - CORE\src\Error\Middleware\ErrorHandlerMiddleware.php, line 51
Cake\Http\Runner::__invoke() - CORE\src\Http\Runner.php, line 65
Cake\Http\Runner::run() - CORE\src\Http\Runner.php, line 51
Cake\Http\Server::run() - CORE\src\Http\Server.php, line 82
[main] - ROOT\webroot\index.php, line 37



2017-06-22 19:00:31 Warning: Warning (2): Creating default object from empty value in [D:\web\htdocs\simran\src\Controller\UsersController.php, line 43]
Request URL: /simran/users/login
Trace:
Cake\Error\BaseErrorHandler::handleError() - CORE\src\Error\BaseErrorHandler.php, line 146
App\Controller\UsersController::login() - APP/Controller\UsersController.php, line 43
Cake\Controller\Controller::invokeAction() - CORE\src\Controller\Controller.php, line 435
Cake\Http\ActionDispatcher::_invoke() - CORE\src\Http\ActionDispatcher.php, line 125
Cake\Http\ActionDispatcher::dispatch() - CORE\src\Http\ActionDispatcher.php, line 99
Cake\Http\BaseApplication::__invoke() - CORE\src\Http\BaseApplication.php, line 82
Cake\Http\Runner::__invoke() - CORE\src\Http\Runner.php, line 65
Cake\Routing\Middleware\RoutingMiddleware::__invoke() - CORE\src\Routing\Middleware\RoutingMiddleware.php, line 52
Cake\Http\Runner::__invoke() - CORE\src\Http\Runner.php, line 65
Cake\Routing\Middleware\AssetMiddleware::__invoke() - CORE\src\Routing\Middleware\AssetMiddleware.php, line 88
Cake\Http\Runner::__invoke() - CORE\src\Http\Runner.php, line 65
Cake\Error\Middleware\ErrorHandlerMiddleware::__invoke() - CORE\src\Error\Middleware\ErrorHandlerMiddleware.php, line 51
Cake\Http\Runner::__invoke() - CORE\src\Http\Runner.php, line 65
Cake\Http\Runner::run() - CORE\src\Http\Runner.php, line 51
Cake\Http\Server::run() - CORE\src\Http\Server.php, line 82
[main] - ROOT\webroot\index.php, line 37



2017-06-22 19:00:38 Warning: Warning (2): Creating default object from empty value in [D:\web\htdocs\simran\src\Controller\UsersController.php, line 43]
Request URL: /simran/users/login
Trace:
Cake\Error\BaseErrorHandler::handleError() - CORE\src\Error\BaseErrorHandler.php, line 146
App\Controller\UsersController::login() - APP/Controller\UsersController.php, line 43
Cake\Controller\Controller::invokeAction() - CORE\src\Controller\Controller.php, line 435
Cake\Http\ActionDispatcher::_invoke() - CORE\src\Http\ActionDispatcher.php, line 125
Cake\Http\ActionDispatcher::dispatch() - CORE\src\Http\ActionDispatcher.php, line 99
Cake\Http\BaseApplication::__invoke() - CORE\src\Http\BaseApplication.php, line 82
Cake\Http\Runner::__invoke() - CORE\src\Http\Runner.php, line 65
Cake\Routing\Middleware\RoutingMiddleware::__invoke() - CORE\src\Routing\Middleware\RoutingMiddleware.php, line 52
Cake\Http\Runner::__invoke() - CORE\src\Http\Runner.php, line 65
Cake\Routing\Middleware\AssetMiddleware::__invoke() - CORE\src\Routing\Middleware\AssetMiddleware.php, line 88
Cake\Http\Runner::__invoke() - CORE\src\Http\Runner.php, line 65
Cake\Error\Middleware\ErrorHandlerMiddleware::__invoke() - CORE\src\Error\Middleware\ErrorHandlerMiddleware.php, line 51
Cake\Http\Runner::__invoke() - CORE\src\Http\Runner.php, line 65
Cake\Http\Runner::run() - CORE\src\Http\Runner.php, line 51
Cake\Http\Server::run() - CORE\src\Http\Server.php, line 82
[main] - ROOT\webroot\index.php, line 37



2017-06-22 19:01:11 Warning: Warning (2): Creating default object from empty value in [D:\web\htdocs\simran\src\Controller\UsersController.php, line 43]
Request URL: /simran/users/login
Trace:
Cake\Error\BaseErrorHandler::handleError() - CORE\src\Error\BaseErrorHandler.php, line 146
App\Controller\UsersController::login() - APP/Controller\UsersController.php, line 43
Cake\Controller\Controller::invokeAction() - CORE\src\Controller\Controller.php, line 435
Cake\Http\ActionDispatcher::_invoke() - CORE\src\Http\ActionDispatcher.php, line 125
Cake\Http\ActionDispatcher::dispatch() - CORE\src\Http\ActionDispatcher.php, line 99
Cake\Http\BaseApplication::__invoke() - CORE\src\Http\BaseApplication.php, line 82
Cake\Http\Runner::__invoke() - CORE\src\Http\Runner.php, line 65
Cake\Routing\Middleware\RoutingMiddleware::__invoke() - CORE\src\Routing\Middleware\RoutingMiddleware.php, line 52
Cake\Http\Runner::__invoke() - CORE\src\Http\Runner.php, line 65
Cake\Routing\Middleware\AssetMiddleware::__invoke() - CORE\src\Routing\Middleware\AssetMiddleware.php, line 88
Cake\Http\Runner::__invoke() - CORE\src\Http\Runner.php, line 65
Cake\Error\Middleware\ErrorHandlerMiddleware::__invoke() - CORE\src\Error\Middleware\ErrorHandlerMiddleware.php, line 51
Cake\Http\Runner::__invoke() - CORE\src\Http\Runner.php, line 65
Cake\Http\Runner::run() - CORE\src\Http\Runner.php, line 51
Cake\Http\Server::run() - CORE\src\Http\Server.php, line 82
[main] - ROOT\webroot\index.php, line 37



2017-06-22 19:02:37 Warning: Warning (2): Attempt to assign property of non-object in [D:\web\htdocs\simran\src\Controller\UsersController.php, line 44]
Request URL: /simran/users/login
Referer URL: http://localhost/simran/users/login
Trace:
Cake\Error\BaseErrorHandler::handleError() - CORE\src\Error\BaseErrorHandler.php, line 146
App\Controller\UsersController::login() - APP/Controller\UsersController.php, line 44
Cake\Controller\Controller::invokeAction() - CORE\src\Controller\Controller.php, line 435
Cake\Http\ActionDispatcher::_invoke() - CORE\src\Http\ActionDispatcher.php, line 125
Cake\Http\ActionDispatcher::dispatch() - CORE\src\Http\ActionDispatcher.php, line 99
Cake\Http\BaseApplication::__invoke() - CORE\src\Http\BaseApplication.php, line 82
Cake\Http\Runner::__invoke() - CORE\src\Http\Runner.php, line 65
Cake\Routing\Middleware\RoutingMiddleware::__invoke() - CORE\src\Routing\Middleware\RoutingMiddleware.php, line 52
Cake\Http\Runner::__invoke() - CORE\src\Http\Runner.php, line 65
Cake\Routing\Middleware\AssetMiddleware::__invoke() - CORE\src\Routing\Middleware\AssetMiddleware.php, line 88
Cake\Http\Runner::__invoke() - CORE\src\Http\Runner.php, line 65
Cake\Error\Middleware\ErrorHandlerMiddleware::__invoke() - CORE\src\Error\Middleware\ErrorHandlerMiddleware.php, line 51
Cake\Http\Runner::__invoke() - CORE\src\Http\Runner.php, line 65
Cake\Http\Runner::run() - CORE\src\Http\Runner.php, line 51
Cake\Http\Server::run() - CORE\src\Http\Server.php, line 82
[main] - ROOT\webroot\index.php, line 37



2017-06-22 19:05:25 Warning: Warning (2): Attempt to assign property of non-object in [D:\web\htdocs\simran\src\Controller\UsersController.php, line 62]
Request URL: /simran/users/admin_login
Referer URL: http://localhost/simran/users/admin_login
Trace:
Cake\Error\BaseErrorHandler::handleError() - CORE\src\Error\BaseErrorHandler.php, line 146
App\Controller\UsersController::adminLogin() - APP/Controller\UsersController.php, line 62
Cake\Controller\Controller::invokeAction() - CORE\src\Controller\Controller.php, line 435
Cake\Http\ActionDispatcher::_invoke() - CORE\src\Http\ActionDispatcher.php, line 125
Cake\Http\ActionDispatcher::dispatch() - CORE\src\Http\ActionDispatcher.php, line 99
Cake\Http\BaseApplication::__invoke() - CORE\src\Http\BaseApplication.php, line 82
Cake\Http\Runner::__invoke() - CORE\src\Http\Runner.php, line 65
Cake\Routing\Middleware\RoutingMiddleware::__invoke() - CORE\src\Routing\Middleware\RoutingMiddleware.php, line 52
Cake\Http\Runner::__invoke() - CORE\src\Http\Runner.php, line 65
Cake\Routing\Middleware\AssetMiddleware::__invoke() - CORE\src\Routing\Middleware\AssetMiddleware.php, line 88
Cake\Http\Runner::__invoke() - CORE\src\Http\Runner.php, line 65
Cake\Error\Middleware\ErrorHandlerMiddleware::__invoke() - CORE\src\Error\Middleware\ErrorHandlerMiddleware.php, line 51
Cake\Http\Runner::__invoke() - CORE\src\Http\Runner.php, line 65
Cake\Http\Runner::run() - CORE\src\Http\Runner.php, line 51
Cake\Http\Server::run() - CORE\src\Http\Server.php, line 82
[main] - ROOT\webroot\index.php, line 37



2017-06-22 19:06:06 Warning: Warning (2): Attempt to assign property of non-object in [D:\web\htdocs\simran\src\Controller\UsersController.php, line 44]
Request URL: /simran/users/login
Referer URL: http://localhost/simran/users/login
Trace:
Cake\Error\BaseErrorHandler::handleError() - CORE\src\Error\BaseErrorHandler.php, line 146
App\Controller\UsersController::login() - APP/Controller\UsersController.php, line 44
Cake\Controller\Controller::invokeAction() - CORE\src\Controller\Controller.php, line 435
Cake\Http\ActionDispatcher::_invoke() - CORE\src\Http\ActionDispatcher.php, line 125
Cake\Http\ActionDispatcher::dispatch() - CORE\src\Http\ActionDispatcher.php, line 99
Cake\Http\BaseApplication::__invoke() - CORE\src\Http\BaseApplication.php, line 82
Cake\Http\Runner::__invoke() - CORE\src\Http\Runner.php, line 65
Cake\Routing\Middleware\RoutingMiddleware::__invoke() - CORE\src\Routing\Middleware\RoutingMiddleware.php, line 52
Cake\Http\Runner::__invoke() - CORE\src\Http\Runner.php, line 65
Cake\Routing\Middleware\AssetMiddleware::__invoke() - CORE\src\Routing\Middleware\AssetMiddleware.php, line 88
Cake\Http\Runner::__invoke() - CORE\src\Http\Runner.php, line 65
Cake\Error\Middleware\ErrorHandlerMiddleware::__invoke() - CORE\src\Error\Middleware\ErrorHandlerMiddleware.php, line 51
Cake\Http\Runner::__invoke() - CORE\src\Http\Runner.php, line 65
Cake\Http\Runner::run() - CORE\src\Http\Runner.php, line 51
Cake\Http\Server::run() - CORE\src\Http\Server.php, line 82
[main] - ROOT\webroot\index.php, line 37



2017-06-22 19:06:40 Warning: Warning (2): Attempt to assign property of non-object in [D:\web\htdocs\simran\src\Controller\UsersController.php, line 62]
Request URL: /simran/users/admin_login
Referer URL: http://localhost/simran/users/admin_login
Trace:
Cake\Error\BaseErrorHandler::handleError() - CORE\src\Error\BaseErrorHandler.php, line 146
App\Controller\UsersController::adminLogin() - APP/Controller\UsersController.php, line 62
Cake\Controller\Controller::invokeAction() - CORE\src\Controller\Controller.php, line 435
Cake\Http\ActionDispatcher::_invoke() - CORE\src\Http\ActionDispatcher.php, line 125
Cake\Http\ActionDispatcher::dispatch() - CORE\src\Http\ActionDispatcher.php, line 99
Cake\Http\BaseApplication::__invoke() - CORE\src\Http\BaseApplication.php, line 82
Cake\Http\Runner::__invoke() - CORE\src\Http\Runner.php, line 65
Cake\Routing\Middleware\RoutingMiddleware::__invoke() - CORE\src\Routing\Middleware\RoutingMiddleware.php, line 52
Cake\Http\Runner::__invoke() - CORE\src\Http\Runner.php, line 65
Cake\Routing\Middleware\AssetMiddleware::__invoke() - CORE\src\Routing\Middleware\AssetMiddleware.php, line 88
Cake\Http\Runner::__invoke() - CORE\src\Http\Runner.php, line 65
Cake\Error\Middleware\ErrorHandlerMiddleware::__invoke() - CORE\src\Error\Middleware\ErrorHandlerMiddleware.php, line 51
Cake\Http\Runner::__invoke() - CORE\src\Http\Runner.php, line 65
Cake\Http\Runner::run() - CORE\src\Http\Runner.php, line 51
Cake\Http\Server::run() - CORE\src\Http\Server.php, line 82
[main] - ROOT\webroot\index.php, line 37



2017-06-22 19:10:13 Warning: Warning (2): Attempt to assign property of non-object in [D:\web\htdocs\simran\src\Controller\UsersController.php, line 62]
Request URL: /simran/users/admin_login
Referer URL: http://localhost/simran/users/admin_login
Trace:
Cake\Error\BaseErrorHandler::handleError() - CORE\src\Error\BaseErrorHandler.php, line 146
App\Controller\UsersController::adminLogin() - APP/Controller\UsersController.php, line 62
Cake\Controller\Controller::invokeAction() - CORE\src\Controller\Controller.php, line 435
Cake\Http\ActionDispatcher::_invoke() - CORE\src\Http\ActionDispatcher.php, line 125
Cake\Http\ActionDispatcher::dispatch() - CORE\src\Http\ActionDispatcher.php, line 99
Cake\Http\BaseApplication::__invoke() - CORE\src\Http\BaseApplication.php, line 82
Cake\Http\Runner::__invoke() - CORE\src\Http\Runner.php, line 65
Cake\Routing\Middleware\RoutingMiddleware::__invoke() - CORE\src\Routing\Middleware\RoutingMiddleware.php, line 52
Cake\Http\Runner::__invoke() - CORE\src\Http\Runner.php, line 65
Cake\Routing\Middleware\AssetMiddleware::__invoke() - CORE\src\Routing\Middleware\AssetMiddleware.php, line 88
Cake\Http\Runner::__invoke() - CORE\src\Http\Runner.php, line 65
Cake\Error\Middleware\ErrorHandlerMiddleware::__invoke() - CORE\src\Error\Middleware\ErrorHandlerMiddleware.php, line 51
Cake\Http\Runner::__invoke() - CORE\src\Http\Runner.php, line 65
Cake\Http\Runner::run() - CORE\src\Http\Runner.php, line 51
Cake\Http\Server::run() - CORE\src\Http\Server.php, line 82
[main] - ROOT\webroot\index.php, line 37



2017-06-22 19:12:55 Warning: Warning (2): Attempt to assign property of non-object in [D:\web\htdocs\simran\src\Controller\UsersController.php, line 44]
Request URL: /simran/users/login
Referer URL: http://localhost/simran/users/login
Trace:
Cake\Error\BaseErrorHandler::handleError() - CORE\src\Error\BaseErrorHandler.php, line 146
App\Controller\UsersController::login() - APP/Controller\UsersController.php, line 44
Cake\Controller\Controller::invokeAction() - CORE\src\Controller\Controller.php, line 435
Cake\Http\ActionDispatcher::_invoke() - CORE\src\Http\ActionDispatcher.php, line 125
Cake\Http\ActionDispatcher::dispatch() - CORE\src\Http\ActionDispatcher.php, line 99
Cake\Http\BaseApplication::__invoke() - CORE\src\Http\BaseApplication.php, line 82
Cake\Http\Runner::__invoke() - CORE\src\Http\Runner.php, line 65
Cake\Routing\Middleware\RoutingMiddleware::__invoke() - CORE\src\Routing\Middleware\RoutingMiddleware.php, line 52
Cake\Http\Runner::__invoke() - CORE\src\Http\Runner.php, line 65
Cake\Routing\Middleware\AssetMiddleware::__invoke() - CORE\src\Routing\Middleware\AssetMiddleware.php, line 88
Cake\Http\Runner::__invoke() - CORE\src\Http\Runner.php, line 65
Cake\Error\Middleware\ErrorHandlerMiddleware::__invoke() - CORE\src\Error\Middleware\ErrorHandlerMiddleware.php, line 51
Cake\Http\Runner::__invoke() - CORE\src\Http\Runner.php, line 65
Cake\Http\Runner::run() - CORE\src\Http\Runner.php, line 51
Cake\Http\Server::run() - CORE\src\Http\Server.php, line 82
[main] - ROOT\webroot\index.php, line 37



2017-06-27 18:02:30 Error: Fatal Error (1): Call to a member function find() on a non-object in [D:\web\htdocs\simran\src\Controller\UsersController.php, line 21]
Request URL: /simran/Users/student_details
Referer URL: http://localhost/simran/
Trace:
Cake\Error\BaseErrorHandler::handleFatalError() - CORE\src\Error\BaseErrorHandler.php, line 216
Cake\Error\BaseErrorHandler::Cake\Error\{closure}() - CORE\src\Error\BaseErrorHandler.php, line 98
[main] - [internal], line ??



2017-06-27 18:02:30 Error: [Cake\Error\FatalErrorException] Call to a member function find() on a non-object
Request URL: /simran/Users/student_details
Referer URL: http://localhost/simran/
Stack Trace:
#0 D:\web\htdocs\simran\vendor\cakephp\cakephp\src\Error\BaseErrorHandler.php(98): Cake\Error\BaseErrorHandler->handleFatalError(1, 'Call to a membe...', 'D:\\web\\htdocs\\s...', 21)
#1 [internal function]: Cake\Error\BaseErrorHandler->Cake\Error\{closure}()
#2 {main}


2017-06-27 18:25:49 Error: Fatal Error (4): syntax error, unexpected end of file in [D:\web\htdocs\simran\src\Template\Users\student_details.ctp, line 49]
Request URL: /simran/Users/student_details
Referer URL: http://localhost/simran/
Trace:
Cake\Error\BaseErrorHandler::handleFatalError() - CORE\src\Error\BaseErrorHandler.php, line 216
Cake\Error\BaseErrorHandler::Cake\Error\{closure}() - CORE\src\Error\BaseErrorHandler.php, line 98
[main] - [internal], line ??



2017-06-27 18:25:49 Error: [Cake\Error\FatalErrorException] syntax error, unexpected end of file
Request URL: /simran/Users/student_details
Referer URL: http://localhost/simran/
Stack Trace:
#0 D:\web\htdocs\simran\vendor\cakephp\cakephp\src\Error\BaseErrorHandler.php(98): Cake\Error\BaseErrorHandler->handleFatalError(4, 'syntax error, u...', 'D:\\web\\htdocs\\s...', 49)
#1 [internal function]: Cake\Error\BaseErrorHandler->Cake\Error\{closure}()
#2 {main}


2017-06-27 18:26:26 Error: Fatal Error (4): syntax error, unexpected end of file in [D:\web\htdocs\simran\src\Template\Users\student_details.ctp, line 49]
Request URL: /simran/Users/student_details
Referer URL: http://localhost/simran/
Trace:
Cake\Error\BaseErrorHandler::handleFatalError() - CORE\src\Error\BaseErrorHandler.php, line 216
Cake\Error\BaseErrorHandler::Cake\Error\{closure}() - CORE\src\Error\BaseErrorHandler.php, line 98
[main] - [internal], line ??



2017-06-27 18:26:26 Error: [Cake\Error\FatalErrorException] syntax error, unexpected end of file
Request URL: /simran/Users/student_details
Referer URL: http://localhost/simran/
Stack Trace:
#0 D:\web\htdocs\simran\vendor\cakephp\cakephp\src\Error\BaseErrorHandler.php(98): Cake\Error\BaseErrorHandler->handleFatalError(4, 'syntax error, u...', 'D:\\web\\htdocs\\s...', 49)
#1 [internal function]: Cake\Error\BaseErrorHandler->Cake\Error\{closure}()
#2 {main}


2017-06-27 18:26:39 Error: Fatal Error (4): syntax error, unexpected end of file in [D:\web\htdocs\simran\src\Template\Users\student_details.ctp, line 49]
Request URL: /simran/Users/student_details
Referer URL: http://localhost/simran/
Trace:
Cake\Error\BaseErrorHandler::handleFatalError() - CORE\src\Error\BaseErrorHandler.php, line 216
Cake\Error\BaseErrorHandler::Cake\Error\{closure}() - CORE\src\Error\BaseErrorHandler.php, line 98
[main] - [internal], line ??



2017-06-27 18:26:39 Error: [Cake\Error\FatalErrorException] syntax error, unexpected end of file
Request URL: /simran/Users/student_details
Referer URL: http://localhost/simran/
Stack Trace:
#0 D:\web\htdocs\simran\vendor\cakephp\cakephp\src\Error\BaseErrorHandler.php(98): Cake\Error\BaseErrorHandler->handleFatalError(4, 'syntax error, u...', 'D:\\web\\htdocs\\s...', 49)
#1 [internal function]: Cake\Error\BaseErrorHandler->Cake\Error\{closure}()
#2 {main}


